生成启动时间为 2020/3/18 10:25:01。
     1>项目“D:\VS Projects\共享下载器\共享下载器\共享下载器.vcxproj”在节点 2 上(Build 个目标)。
     1>ClCompile:
         E:\BaiduNetdiskDownload\vs安装\VC\bin\CL.exe /c /IE:\yiluchuxin\boost_1_72_0 /ZI /nologo /W3 /WX- /sdl /Od /Oy- /D _UNICODE /D UNICODE /Gm /EHsc /RTC1 /MDd /GS /fp:precise /Zc:wchar_t /Zc:forScope /Fo"Debug\\" /Fd"Debug\vc120.pdb" /Gd /TP /analyze- /errorReport:prompt Test.cpp
         Test.cpp
     1>d:\vs projects\共享下载器\共享下载器\utiltool.h(67): warning C4244: “参数”: 从“int64_t”转换到“unsigned int”，可能丢失数据
     1>d:\vs projects\共享下载器\共享下载器\utiltool.h(76): warning C4244: “参数”: 从“int64_t”转换到“size_t”，可能丢失数据
     1>d:\vs projects\共享下载器\共享下载器\utiltool.h(147): warning C4244: “初始化”: 从“uint64_t”转换到“unsigned int”，可能丢失数据
     1>d:\vs projects\共享下载器\共享下载器\httplib.h(1453): warning C4244: “参数”: 从“uint64_t”转换到“size_t”，可能丢失数据
     1>d:\vs projects\共享下载器\共享下载器\httplib.h(1475): warning C4244: “参数”: 从“uint64_t”转换到“unsigned int”，可能丢失数据
     1>d:\vs projects\共享下载器\共享下载器\httplib.h(1794): warning C4244: “参数”: 从“uint64_t”转换到“unsigned int”，可能丢失数据
     1>d:\vs projects\共享下载器\共享下载器\httplib.h(2144): warning C4244: “=”: 从“uint64_t”转换到“size_t”，可能丢失数据
     1>d:\vs projects\共享下载器\共享下载器\httplib.h(2277): warning C4244: “参数”: 从“unsigned __int64”转换到“unsigned int”，可能丢失数据
     1>d:\vs projects\共享下载器\共享下载器\client.h(72): warning C4018: “<”: 有符号/无符号不匹配
     1>d:\vs projects\共享下载器\共享下载器\client.h(93): warning C4018: “<”: 有符号/无符号不匹配
     1>d:\vs projects\共享下载器\共享下载器\client.h(99): warning C4018: “<”: 有符号/无符号不匹配
     1>d:\vs projects\共享下载器\共享下载器\client.h(110): warning C4018: “<”: 有符号/无符号不匹配
     1>d:\vs projects\共享下载器\共享下载器\server.h(90): warning C4244: “参数”: 从“int64_t”转换到“int”，可能丢失数据
     1>d:\vs projects\共享下载器\共享下载器\server.h(108): warning C4244: “初始化”: 从“int64_t”转换到“int”，可能丢失数据
     1>d:\vs projects\共享下载器\共享下载器\httplib.h(1415): warning C4244: “参数”: 从“uint64_t”转换到“size_t”，可能丢失数据
                 d:\vs projects\共享下载器\共享下载器\httplib.h(2548): 参见对正在编译的函数 模板 实例化“bool httplib::detail::read_content<httplib::Request>(httplib::Stream &,T &,uint64_t,int &,httplib::Progress,httplib::detail::ContentReceiverCore)”的引用
                 with
                 [
                     T=httplib::Request
                 ]
     1>d:\vs projects\共享下载器\共享下载器\httplib.h(1419): warning C4244: “参数”: 从“uint64_t”转换到“size_t”，可能丢失数据
     1>e:\baidunetdiskdownload\vs安装\vc\include\xrefwrap(283): warning C4244: “参数”: 从“uint64_t”转换到“size_t”，可能丢失数据
                 e:\baidunetdiskdownload\vs安装\vc\include\functional(228): 参见对正在编译的函数 模板 实例化“_Ret std::_Callable_obj<httplib::Server::process_request::<lambda_14b6f4f0d68f0b6ef2b86b564bcba915>,false>::_ApplyX<_Rx,_Ty,unsigned __int64>(_Ty &&,unsigned __int64 &&)”的引用
                 with
                 [
                     _Ret=bool
         ,            _Rx=bool
         ,            _Ty=const char *
                 ]
                 e:\baidunetdiskdownload\vs安装\vc\include\functional(228): 参见对正在编译的函数 模板 实例化“_Ret std::_Callable_obj<httplib::Server::process_request::<lambda_14b6f4f0d68f0b6ef2b86b564bcba915>,false>::_ApplyX<_Rx,_Ty,unsigned __int64>(_Ty &&,unsigned __int64 &&)”的引用
                 with
                 [
                     _Ret=bool
         ,            _Rx=bool
         ,            _Ty=const char *
                 ]
                 e:\baidunetdiskdownload\vs安装\vc\include\functional(226): 编译类 模板 成员函数“bool std::_Func_impl<_MyWrapper,_Alloc,_Ret,const char *,uint64_t>::_Do_call(const char *&&,uint64_t &&)”时
                 with
                 [
                     _Alloc=std::allocator<std::_Func_class<bool,const char *,uint64_t>>
         ,            _Ret=bool
                 ]
                 e:\baidunetdiskdownload\vs安装\vc\include\functional(495): 参见对正在编译的类 模板 实例化“std::_Func_impl<_MyWrapper,_Alloc,_Ret,const char *,uint64_t>”的引用
                 with
                 [
                     _Alloc=std::allocator<std::_Func_class<bool,const char *,uint64_t>>
         ,            _Ret=bool
                 ]
                 e:\baidunetdiskdownload\vs安装\vc\include\functional(396): 参见对正在编译的函数 模板 实例化“void std::_Func_class<_Ret,const char *,uint64_t>::_Do_alloc<_Myimpl,_Ty,_Alloc>(_Fty &&,_Alloc)”的引用
                 with
                 [
                     _Ret=bool
         ,            _Ty=httplib::Server::process_request::<lambda_14b6f4f0d68f0b6ef2b86b564bcba915>
         ,            _Alloc=std::allocator<std::_Func_class<bool,const char *,uint64_t>>
         ,            _Fty=httplib::Server::process_request::<lambda_14b6f4f0d68f0b6ef2b86b564bcba915>
                 ]
                 e:\baidunetdiskdownload\vs安装\vc\include\functional(396): 参见对正在编译的函数 模板 实例化“void std::_Func_class<_Ret,const char *,uint64_t>::_Do_alloc<_Myimpl,_Ty,_Alloc>(_Fty &&,_Alloc)”的引用
                 with
                 [
                     _Ret=bool
         ,            _Ty=httplib::Server::process_request::<lambda_14b6f4f0d68f0b6ef2b86b564bcba915>
         ,            _Alloc=std::allocator<std::_Func_class<bool,const char *,uint64_t>>
         ,            _Fty=httplib::Server::process_request::<lambda_14b6f4f0d68f0b6ef2b86b564bcba915>
                 ]
                 e:\baidunetdiskdownload\vs安装\vc\include\functional(385): 参见对正在编译的函数 模板 实例化“void std::_Func_class<_Ret,const char *,uint64_t>::_Reset_alloc<_Ty,std::allocator<std::_Func_class<_Ret,const char *,uint64_t>>>(_Fty &&,_Alloc)”的引用
                 with
                 [
                     _Ret=bool
         ,            _Ty=httplib::Server::process_request::<lambda_14b6f4f0d68f0b6ef2b86b564bcba915>
         ,            _Fty=httplib::Server::process_request::<lambda_14b6f4f0d68f0b6ef2b86b564bcba915>
         ,            _Alloc=std::allocator<std::_Func_class<bool,const char *,uint64_t>>
                 ]
                 e:\baidunetdiskdownload\vs安装\vc\include\functional(385): 参见对正在编译的函数 模板 实例化“void std::_Func_class<_Ret,const char *,uint64_t>::_Reset_alloc<_Ty,std::allocator<std::_Func_class<_Ret,const char *,uint64_t>>>(_Fty &&,_Alloc)”的引用
                 with
                 [
                     _Ret=bool
         ,            _Ty=httplib::Server::process_request::<lambda_14b6f4f0d68f0b6ef2b86b564bcba915>
         ,            _Fty=httplib::Server::process_request::<lambda_14b6f4f0d68f0b6ef2b86b564bcba915>
         ,            _Alloc=std::allocator<std::_Func_class<bool,const char *,uint64_t>>
                 ]
                 e:\baidunetdiskdownload\vs安装\vc\include\functional(671): 参见对正在编译的函数 模板 实例化“void std::_Func_class<_Ret,const char *,uint64_t>::_Reset<_Ty>(_Fty &&)”的引用
                 with
                 [
                     _Ret=bool
         ,            _Ty=httplib::Server::process_request::<lambda_14b6f4f0d68f0b6ef2b86b564bcba915>
         ,            _Fty=httplib::Server::process_request::<lambda_14b6f4f0d68f0b6ef2b86b564bcba915>
                 ]
                 e:\baidunetdiskdownload\vs安装\vc\include\functional(671): 参见对正在编译的函数 模板 实例化“void std::_Func_class<_Ret,const char *,uint64_t>::_Reset<_Ty>(_Fty &&)”的引用
                 with
                 [
                     _Ret=bool
         ,            _Ty=httplib::Server::process_request::<lambda_14b6f4f0d68f0b6ef2b86b564bcba915>
         ,            _Fty=httplib::Server::process_request::<lambda_14b6f4f0d68f0b6ef2b86b564bcba915>
                 ]
                 d:\vs projects\共享下载器\共享下载器\httplib.h(2548): 参见对正在编译的函数 模板 实例化“std::function<bool (const char *,uint64_t)>::function<httplib::Server::process_request::<lambda_14b6f4f0d68f0b6ef2b86b564bcba915>>(_Fx &&)”的引用
                 with
                 [
                     _Fx=httplib::Server::process_request::<lambda_14b6f4f0d68f0b6ef2b86b564bcba915>
                 ]
                 d:\vs projects\共享下载器\共享下载器\httplib.h(2548): 参见对正在编译的函数 模板 实例化“std::function<bool (const char *,uint64_t)>::function<httplib::Server::process_request::<lambda_14b6f4f0d68f0b6ef2b86b564bcba915>>(_Fx &&)”的引用
                 with
                 [
                     _Fx=httplib::Server::process_request::<lambda_14b6f4f0d68f0b6ef2b86b564bcba915>
                 ]
       Link:
         E:\BaiduNetdiskDownload\vs安装\VC\bin\link.exe /ERRORREPORT:PROMPT /OUT:"D:\VS Projects\共享下载器\Debug\共享下载器.exe" /INCREMENTAL /NOLOGO /LIBPATH:"E:\yiluchuxin\boost_1_72_0\lib64-msvc-12.0" kernel32.lib user32.lib gdi32.lib winspool.lib comdlg32.lib advapi32.lib shell32.lib ole32.lib oleaut32.lib uuid.lib odbc32.lib odbccp32.lib /MANIFEST /MANIFESTUAC:"level='asInvoker' uiAccess='false'" /manifest:embed /DEBUG /PDB:"D:\VS Projects\共享下载器\Debug\共享下载器.pdb" /TLBID:1 /DYNAMICBASE /NXCOMPAT /IMPLIB:"D:\VS Projects\共享下载器\Debug\共享下载器.lib" /MACHINE:X86 Debug\Test.obj
     1>LINK : fatal error LNK1104: 无法打开文件“libboost_filesystem-vc120-mt-gd-x32-1_72.lib”
     1>已完成生成项目“D:\VS Projects\共享下载器\共享下载器\共享下载器.vcxproj”(Build 个目标)的操作 - 失败。

生成失败。

已用时间 00:00:03.84
